                                              ....      ....  
                                             '' '||.   .||'   
                                                  ||  ||      
                                                  '|.|'       
     ...'   ....   ... ...  ... ...   ....        .|'|.       
    |  ||  '' .||   ||'  ||  ||'  || '' .||      .|'  ||      
     |''   .|' ||   ||    |  ||    | .|' ||     .|'|.  ||     
    '....  '|..'|'. ||...'   ||...'  '|..'|.    '||'    ||:.  
    '....'          ||       ||                               
                   ''''     ''''    v0.4.0, (c) 2017-2019
                                    by Lucas Czech and Pierre Barbera

Invocation:                        /home1/haris/Desktop/stsm/sequences_of_life/gappa/bin/gappa prepare phat --taxonomy-file taxonomies_for_phat.tsv --sequence-file aligned_bacteria_sequences_true_orientation.fasta --target-size 70 --min-tax-level 3 --out-dir /home1/haris/Desktop/stsm/sequences_of_life/bacteria/phat_output
Command:                           gappa prepare phat

Input:
  --taxonomy-file                  taxonomies_for_phat.tsv
  --sequence-file                  aligned_bacteria_sequences_true_orientation.fasta

Taxonomy Expansion:
  --target-size                    70
  --sub-taxonomy                   
  --min-subclade-size              0
  --max-subclade-size              0
  --min-tax-level                  3
  --allow-approximation            false
  --no-taxa-selection              false

Consensus Method:
  --consensus-method               majorities
  --consensus-threshold            0.5

Output:
  --out-dir                        /home1/haris/Desktop/stsm/sequences_of_life/bacteria/phat_output
  --write-info-files               false

Global Options:
  --allow-file-overwriting         false
  --verbose                        false
  --threads                        20
  --log-file

Run the following command to get the references that need to be cited:
`gappa tools citation Czech2019-genesis-and-gappa Czech2018-phat-and-multilevel-placement`

Started 2020-08-29 20:57:09

Reading taxonomy and preparing entropy calculations
Taxonomy contains a total of 2288 taxa, with 1662 taxa at the lowest level.
Reading sequences
Processed 6859 sequences.
Calculating entropy.
Selecting taxa based on entropy.
Selected 68 taxa for which to build consensus sequences.
Generating consensus sequences.

Finished 2020-08-29 20:57:13
