This is pdfTeX, Version 3.14159265-2.6-1.40.21 (MiKTeX 20.12) (preloaded format=pdflatex 2020.12.17)  17 DEC 2020 21:11
entering extended mode
**/home/haris/Documents/coding/github_repos/coi_dark_matter/manuscript/main_ms.tex
(/home/haris/Documents/coding/github_repos/coi_dark_matter/manuscript/main_ms.tex
LaTeX2e <2020-10-01> patch level 2
L3 programming layer <2020-12-07> xparse <2020-03-03> (/home/haris/.miktex/texmfs/install/tex/latex/base/article.cls
Document Class: article 2020/04/10 v1.4m Standard LaTeX document class
(/home/haris/.miktex/texmfs/install/tex/latex/base/size10.clo
File: size10.clo 2020/04/10 v1.4m Standard LaTeX file (size option)
)
\c@part=\count177
\c@section=\count178
\c@subsection=\count179
\c@subsubsection=\count180
\c@paragraph=\count181
\c@subparagraph=\count182
\c@figure=\count183
\c@table=\count184
\abovecaptionskip=\skip47
\belowcaptionskip=\skip48
\bibindent=\dimen138
) (/home/haris/.miktex/texmfs/install/tex/latex/l3backend/l3backend-pdftex.def
File: l3backend-pdftex.def 2020-09-24 L3 backend support: PDF output (pdfTeX)
\l__kernel_color_stack_int=\count185
\l__pdf_internal_box=\box47
) (/home/haris/Documents/coding/github_repos/coi_dark_matter/manuscript/main_ms.aux)
\openout1 = `main_ms.aux'.

LaTeX Font Info:    Checking defaults for OML/cmm/m/it on input line 3.
LaTeX Font Info:    ... okay on input line 3.
LaTeX Font Info:    Checking defaults for OMS/cmsy/m/n on input line 3.
LaTeX Font Info:    ... okay on input line 3.
LaTeX Font Info:    Checking defaults for OT1/cmr/m/n on input line 3.
LaTeX Font Info:    ... okay on input line 3.
LaTeX Font Info:    Checking defaults for T1/cmr/m/n on input line 3.
LaTeX Font Info:    ... okay on input line 3.
LaTeX Font Info:    Checking defaults for TS1/cmr/m/n on input line 3.
LaTeX Font Info:    ... okay on input line 3.
LaTeX Font Info:    Checking defaults for OMX/cmex/m/n on input line 3.
LaTeX Font Info:    ... okay on input line 3.
LaTeX Font Info:    Checking defaults for U/cmr/m/n on input line 3.
LaTeX Font Info:    ... okay on input line 3.
 [1

{/home/haris/.miktex/texmfs/data/pdftex/config/pdftex.map}] (/home/haris/Documents/coding/github_repos/coi_dark_matter/manuscript/main_ms.aux) ) 
Here is how much of TeX's memory you used:
 386 strings out of 481630
 7493 string characters out of 2918692
 266640 words of memory out of 3000000
 17320 multiletter control sequences out of 15000+200000
 403430 words of font info for 27 fonts, out of 3000000 for 9000
 0 hyphenation exceptions out of 8191
 43i,4n,49p,198b,100s stack positions out of 5000i,500n,10000p,200000b,50000s
 </home/haris/.miktex/texmfs/data/fonts/pk/ljfour/public/cm/dpi600/cmr10.pk>
Output written on /home/haris/Documents/coding/github_repos/coi_dark_matter/manuscript/main_ms.pdf (1 page, 8752 bytes).
PDF statistics:
 34 PDF objects out of 1000 (max. 8388607)
 0 named destinations out of 1000 (max. 500000)
 1 words of extra memory for PDF output out of 10000 (max. 10000000)

