
RAxML-NG v. 1.0.1-master released on 28.10.2020 by The Exelixis Lab.
Developed by: Alexey M. Kozlov and Alexandros Stamatakis.
Contributors: Diego Darriba, Tomas Flouri, Benoit Morel, Sarah Lutteropp, Ben Bettisworth.
Latest version: https://github.com/amkozlov/raxml-ng
Questions/problems/suggestions? Please visit: https://groups.google.com/forum/#!forum/raxml

System: Intel(R) Xeon(R) CPU           X5680  @ 3.33GHz, 12 cores, 23 GB RAM

RAxML-NG was called at 22-Dec-2020 09:40:00 as follows:

/home1/haris/programs/raxml-ng/raxml-ng/bin/raxml-ng-mpi --parse --msa all_consensus_aligned3__removed.fasta --model GTR+G

Analysis options:
  run mode: Alignment parsing and compression
  start tree(s): 
  random seed: 1608622800
  tip-inner: OFF
  pattern compression: ON
  per-rate scalers: OFF
  site repeats: ON
  branch lengths: proportional (ML estimate, algorithm: NR-FAST)
  SIMD kernels: SSE3
  parallelization: coarse-grained (auto), PTHREADS (auto)

[00:00:00] Reading alignment from file: all_consensus_aligned3__removed.fasta
[00:00:00] Loaded alignment with 1218 taxa and 8424 sites

NOTE: Reduced alignment (with duplicates and gap-only sites/taxa removed) 
NOTE: was saved to: /home1/haris/Desktop/dark_matter/build_tree_of_life/alternative_built/all_consensus_aligned3__removed.fasta.raxml.reduced.phy

ERROR: Following taxon name contains invalid characters: Archaea;Euryarchaeota;Stenosarchaeagroup;Halobacteria;Halobacteriales;Halobacteriaceae;Halobacterium;Halobacteriumsa_linarum
ERROR: Following taxon name contains invalid characters: Archaea;TACKgroup;Thaumarchaeota;unclassifiedThaumarchaeota;MarineGroupI;Marine_Group_I_thaumarchaeote_SCGC_RSA3
ERROR: Following taxon name contains invalid characters: Archaea;Euryarchaeota;Stenosarchaeagroup;Halobacteria;Haloferacales;Haloferacaceae;Haloferax;Haloferax_sp.
ERROR: Following taxon name contains invalid characters: Archaea;TACKgroup;Thaumarchaeota;Nitrosopumilales;Nitrosopumilaceae;Nitrosarchaeum;Nitrosarchaeum_sp.
ERROR: Following taxon name contains invalid characters: Archaea;Euryarchaeota;Stenosarchaeagroup;Halobacteria;Haloferacales;Halorubraceae;Halorubrum;Halorubrum_sp.
ERROR: Following taxon name contains invalid characters: Archaea;TACKgroup;CandidatusBathyarchaeota
ERROR: Following taxon name contains invalid characters: Archaea;Euryarchaeota;Stenosarchaeagroup;Halobacteria;Haloferacales;Halorubraceae;Halorubrum;Halorubrum_ezzemoulense
ERROR: Following taxon name contains invalid characters: Archaea;TACKgroup;Thaumarchaeota;Nitrosopumilales;Nitrosopumilaceae;Candidatus_Nitrosopumilus_salaria
ERROR: Following taxon name contains invalid characters: Archaea;Euryarchaeota;Stenosarchaeagroup;Halobacteria;Natrialbales;Natrialbaceae;Haloterrigena;Haloterrigena_turkmenica
ERROR: Following taxon name contains invalid characters: Archaea;Euryarchaeota
ERROR: Following taxon name contains invalid characters: Archaea;Euryarchaeota;Stenosarchaeagroup;Halobacteria;Haloferacales;Halorubraceae;Halorubrum;Halorubrum_halodurans_1
ERROR: Following taxon name contains invalid characters: Archaea;environmental_samples

NOTE: Following symbols are not allowed in taxa names to ensure Newick compatibility:
NOTE: " " (space), ";" (semicolon), ":" (colon), "," (comma), "()" (parentheses), "'" (quote). 
NOTE: Please either correct the names manually, or use the reduced alignment file
NOTE: generated by RAxML-NG (see above).

ERROR: Alignment check failed (see details above)!

