
RAxML-NG v. 1.0.1-master released on 28.10.2020 by The Exelixis Lab.
Developed by: Alexey M. Kozlov and Alexandros Stamatakis.
Contributors: Diego Darriba, Tomas Flouri, Benoit Morel, Sarah Lutteropp, Ben Bettisworth.
Latest version: https://github.com/amkozlov/raxml-ng
Questions/problems/suggestions? Please visit: https://groups.google.com/forum/#!forum/raxml

System: Intel(R) Xeon(R) CPU           X5680  @ 3.33GHz, 12 cores, 23 GB RAM

RAxML-NG was called at 22-Dec-2020 09:43:43 as follows:

/home1/haris/programs/raxml-ng/raxml-ng/bin/raxml-ng-mpi --parse --msa all_consensus_aligned3__removed.fasta.raxml.reduced.phy --model GTR+G

Analysis options:
  run mode: Alignment parsing and compression
  start tree(s): 
  random seed: 1608623024
  tip-inner: OFF
  pattern compression: ON
  per-rate scalers: OFF
  site repeats: ON
  branch lengths: proportional (ML estimate, algorithm: NR-FAST)
  SIMD kernels: SSE3
  parallelization: coarse-grained (auto), PTHREADS (auto)

[00:00:00] Reading alignment from file: all_consensus_aligned3__removed.fasta.raxml.reduced.phy
[00:00:00] Loaded alignment with 1218 taxa and 8424 sites

Alignment comprises 1 partitions and 6295 patterns

Partition 0: noname
Model: GTR+FO+G4m
Alignment sites / patterns: 8424 / 6295
Gaps: 90.24 %
Invariant sites: 26.31 %


NOTE: Binary MSA file created: all_consensus_aligned3__removed.fasta.raxml.reduced.phy.raxml.rba

* Estimated memory requirements                : 1871 MB

* Recommended number of threads / MPI processes: 9

Please note that numbers given above are rough estimates only. 
Actual memory consumption and parallel performance on your system may differ!

Alignment can be successfully read by RAxML-NG.


Execution log saved to: /home1/haris/Desktop/dark_matter/build_tree_of_life/alternative_built/all_consensus_aligned3__removed.fasta.raxml.reduced.phy.raxml.log

Analysis started: 22-Dec-2020 09:43:43 / finished: 22-Dec-2020 09:43:45

Elapsed time: 1.980 seconds

