
RAxML-NG v. 1.0.1-master released on 28.10.2020 by The Exelixis Lab.
Developed by: Alexey M. Kozlov and Alexandros Stamatakis.
Contributors: Diego Darriba, Tomas Flouri, Benoit Morel, Sarah Lutteropp, Ben Bettisworth.
Latest version: https://github.com/amkozlov/raxml-ng
Questions/problems/suggestions? Please visit: https://groups.google.com/forum/#!forum/raxml

System: Intel(R) Xeon(R) CPU E5-2660 v3 @ 2.60GHz, 20 cores, 125 GB RAM

RAxML-NG was called at 22-Dec-2020 10:50:35 as follows:

/home1/haris/programs/raxml-ng/raxml-ng/bin/raxml-ng-mpi --bootstrap --msa all_consensus_aligned3__removed.fasta.raxml.reduced.phy --model GTR+G --seed 2 --prefix bootstrap

Analysis options:
  run mode: Bootstrapping
  start tree(s): 
  bootstrap replicates: max: 1000 + bootstopping (autoMRE, cutoff: 0.030000)
  random seed: 2
  tip-inner: OFF
  pattern compression: ON
  per-rate scalers: OFF
  site repeats: ON
  branch lengths: proportional (ML estimate, algorithm: NR-FAST)
  SIMD kernels: AVX2
  parallelization: coarse-grained (auto), PTHREADS (auto)

[00:00:00] Reading alignment from file: all_consensus_aligned3__removed.fasta.raxml.reduced.phy
[00:00:00] Loaded alignment with 1218 taxa and 8424 sites

Alignment comprises 1 partitions and 6295 patterns

Partition 0: noname
Model: GTR+FO+G4m
Alignment sites / patterns: 8424 / 6295
Gaps: 90.24 %
Invariant sites: 26.31 %


NOTE: Binary MSA file created: bootstrap.raxml.rba

Parallelization scheme autoconfig: 4 worker(s) x 5 thread(s)

Parallel reduction/worker buffer size: 1 KB  / 0 KB

[00:00:01] Data distribution: max. partitions/sites/weight per thread: 1 / 1259 / 20144
[00:00:03] Data distribution: max. searches per worker: 250
[00:00:03] Starting bootstrapping analysis with 1000 replicates.

[04:17:39] [worker #0] Bootstrap tree #1, logLikelihood: -597207.668127
[04:57:58] [worker #3] Bootstrap tree #4, logLikelihood: -566672.834574
[05:55:36] [worker #1] Bootstrap tree #2, logLikelihood: -610970.423912
[08:41:04] [worker #2] Bootstrap tree #3, logLikelihood: -569937.974012
[09:52:36] [worker #0] Bootstrap tree #5, logLikelihood: -586351.358271
[12:20:08] [worker #2] Bootstrap tree #7, logLikelihood: -547406.408688
[13:05:34] [worker #3] Bootstrap tree #8, logLikelihood: -574120.395673
[15:39:42] [worker #0] Bootstrap tree #9, logLikelihood: -593790.532815
[15:39:58] [worker #1] Bootstrap tree #6, logLikelihood: -574223.800832
[16:18:32] [worker #2] Bootstrap tree #11, logLikelihood: -566334.577678
[16:48:25] [worker #3] Bootstrap tree #12, logLikelihood: -581433.352498
[20:45:55] [worker #1] Bootstrap tree #10, logLikelihood: -571927.743169
[21:06:54] [worker #2] Bootstrap tree #15, logLikelihood: -585840.312440
[21:38:09] [worker #3] Bootstrap tree #16, logLikelihood: -563201.639382
[22:20:20] [worker #0] Bootstrap tree #13, logLikelihood: -572330.515820
[26:43:25] [worker #2] Bootstrap tree #19, logLikelihood: -559218.101104
[27:24:09] [worker #1] Bootstrap tree #14, logLikelihood: -566741.881671
[27:47:15] [worker #3] Bootstrap tree #20, logLikelihood: -559713.124068
[29:43:02] [worker #0] Bootstrap tree #17, logLikelihood: -587203.039515
[31:05:08] [worker #2] Bootstrap tree #23, logLikelihood: -576620.350166
[31:19:02] [worker #1] Bootstrap tree #18, logLikelihood: -555174.496370
[33:04:20] [worker #3] Bootstrap tree #24, logLikelihood: -595148.704872
[37:14:12] [worker #2] Bootstrap tree #27, logLikelihood: -557367.610800
[37:54:05] [worker #0] Bootstrap tree #21, logLikelihood: -577260.249264
[37:55:06] [worker #1] Bootstrap tree #22, logLikelihood: -580224.563161
[38:55:46] [worker #3] Bootstrap tree #28, logLikelihood: -571082.542923
[42:31:34] [worker #2] Bootstrap tree #31, logLikelihood: -541632.385758
[43:13:11] [worker #3] Bootstrap tree #32, logLikelihood: -568109.973312
[44:38:42] [worker #1] Bootstrap tree #26, logLikelihood: -564958.918853
[47:53:54] [worker #0] Bootstrap tree #25, logLikelihood: -562865.076994
[48:11:40] [worker #2] Bootstrap tree #35, logLikelihood: -582852.159426
[51:38:51] [worker #1] Bootstrap tree #30, logLikelihood: -559646.350329
[51:47:20] [worker #3] Bootstrap tree #36, logLikelihood: -585229.217822
[53:36:34] [worker #0] Bootstrap tree #29, logLikelihood: -544549.603411
[56:28:42] [worker #3] Bootstrap tree #40, logLikelihood: -559295.055478
[56:34:35] [worker #2] Bootstrap tree #39, logLikelihood: -577372.497882
[58:29:34] [worker #1] Bootstrap tree #34, logLikelihood: -563275.289930
[59:34:23] [worker #0] Bootstrap tree #33, logLikelihood: -545429.546400
[62:02:25] [worker #2] Bootstrap tree #43, logLikelihood: -560701.324374
[62:17:24] [worker #3] Bootstrap tree #44, logLikelihood: -571623.464875
[65:55:53] [worker #0] Bootstrap tree #37, logLikelihood: -580143.766579
[67:17:39] [worker #2] Bootstrap tree #47, logLikelihood: -551084.584082
[67:59:32] [worker #3] Bootstrap tree #48, logLikelihood: -601106.280511
[70:54:59] [worker #0] Bootstrap tree #41, logLikelihood: -565904.876329
[71:28:14] [worker #1] Bootstrap tree #38, logLikelihood: -584862.901006
[78:36:23] [worker #0] Bootstrap tree #45, logLikelihood: -591484.181102
[79:31:46] [worker #1] Bootstrap tree #42, logLikelihood: -565642.927098
[84:00:24] [worker #1] Bootstrap tree #46, logLikelihood: -562480.065345
[85:26:39] [worker #0] Bootstrap tree #49, logLikelihood: -537819.175509
[91:23:19] [worker #1] Bootstrap tree #50, logLikelihood: -566304.473699
[95:22:32] [worker #2] Bootstrap tree #51, logLikelihood: -557601.567129
[96:06:48] [worker #3] Bootstrap tree #52, logLikelihood: -553321.658826
[97:38:19] [worker #0] Bootstrap tree #53, logLikelihood: -523966.220273
[99:08:13] [worker #1] Bootstrap tree #54, logLikelihood: -579584.468883
[100:42:52] [worker #2] Bootstrap tree #55, logLikelihood: -585797.585124
[100:57:34] [worker #3] Bootstrap tree #56, logLikelihood: -565658.496636
[102:29:46] [worker #0] Bootstrap tree #57, logLikelihood: -591864.614610
[105:25:57] [worker #1] Bootstrap tree #58, logLikelihood: -572026.964710
[106:05:18] [worker #2] Bootstrap tree #59, logLikelihood: -560232.829229
[109:41:11] [worker #0] Bootstrap tree #61, logLikelihood: -562875.820119
[109:48:39] [worker #3] Bootstrap tree #60, logLikelihood: -584763.317217
[110:39:15] [worker #1] Bootstrap tree #62, logLikelihood: -554458.441714
[113:05:55] [worker #2] Bootstrap tree #63, logLikelihood: -536916.923873
[114:28:12] [worker #3] Bootstrap tree #64, logLikelihood: -559464.527155
[115:12:38] [worker #0] Bootstrap tree #65, logLikelihood: -553863.289069
[118:52:03] [worker #2] Bootstrap tree #67, logLikelihood: -585211.589081
[118:54:13] [worker #3] Bootstrap tree #68, logLikelihood: -578216.415274
[119:51:58] [worker #1] Bootstrap tree #66, logLikelihood: -560085.623375
[123:12:00] [worker #2] Bootstrap tree #71, logLikelihood: -566492.329004
[124:37:31] [worker #3] Bootstrap tree #72, logLikelihood: -541357.139965
[125:20:54] [worker #1] Bootstrap tree #70, logLikelihood: -552784.092655
[125:54:39] [worker #0] Bootstrap tree #69, logLikelihood: -587600.295724
[127:42:48] [worker #2] Bootstrap tree #75, logLikelihood: -608823.104123
[129:34:43] [worker #3] Bootstrap tree #76, logLikelihood: -571699.486109
[131:20:54] [worker #1] Bootstrap tree #74, logLikelihood: -555639.870397
[133:08:46] [worker #0] Bootstrap tree #73, logLikelihood: -562138.156751
[133:54:03] [worker #2] Bootstrap tree #79, logLikelihood: -590254.000141
[136:43:10] [worker #3] Bootstrap tree #80, logLikelihood: -574295.976810
[138:18:45] [worker #0] Bootstrap tree #77, logLikelihood: -545203.650272
[139:03:37] [worker #1] Bootstrap tree #78, logLikelihood: -580185.665666
[140:10:19] [worker #2] Bootstrap tree #83, logLikelihood: -576224.823989
[141:43:20] [worker #3] Bootstrap tree #84, logLikelihood: -575290.460652
[142:17:15] [worker #0] Bootstrap tree #81, logLikelihood: -562735.985112
[143:25:02] [worker #1] Bootstrap tree #82, logLikelihood: -563767.766280
[145:50:54] [worker #2] Bootstrap tree #87, logLikelihood: -564834.294082
[146:21:23] [worker #3] Bootstrap tree #88, logLikelihood: -571435.009085
[146:56:26] [worker #0] Bootstrap tree #85, logLikelihood: -558020.902107
[149:18:42] [worker #1] Bootstrap tree #86, logLikelihood: -598572.077736
[150:37:42] [worker #0] Bootstrap tree #89, logLikelihood: -564612.971062
[150:53:31] [worker #2] Bootstrap tree #91, logLikelihood: -598389.597109
[152:07:47] [worker #3] Bootstrap tree #92, logLikelihood: -561635.474802
[155:49:30] [worker #0] Bootstrap tree #93, logLikelihood: -580116.155974
[156:30:12] [worker #2] Bootstrap tree #95, logLikelihood: -570475.242027
[158:45:59] [worker #1] Bootstrap tree #90, logLikelihood: -559869.297269
[159:51:03] [worker #3] Bootstrap tree #96, logLikelihood: -555932.511723
[161:22:03] [worker #0] Bootstrap tree #97, logLikelihood: -588915.801310
[165:01:12] [worker #2] Bootstrap tree #99, logLikelihood: -586582.737194
[166:15:40] [worker #1] Bootstrap tree #94, logLikelihood: -601476.207716
[166:41:21] [worker #3] Bootstrap tree #100, logLikelihood: -584943.649183
[170:48:31] [worker #1] Bootstrap tree #98, logLikelihood: -542920.081661
[174:56:33] [worker #2] Bootstrap tree #103, logLikelihood: -587646.266246
[175:26:34] [worker #3] Bootstrap tree #104, logLikelihood: -558427.970891
[175:30:55] [worker #1] Bootstrap tree #102, logLikelihood: -547073.415166
[178:25:52] [worker #0] Bootstrap tree #101, logLikelihood: -562742.443713
[179:11:45] [worker #2] Bootstrap tree #107, logLikelihood: -577177.517978
[180:50:12] [worker #1] Bootstrap tree #106, logLikelihood: -559887.510459
[183:52:38] [worker #3] Bootstrap tree #108, logLikelihood: -596504.450714
[183:56:19] [worker #0] Bootstrap tree #105, logLikelihood: -546509.638223
[185:33:07] [worker #2] Bootstrap tree #111, logLikelihood: -568770.684029
[187:50:05] [worker #1] Bootstrap tree #110, logLikelihood: -560722.260130
[190:02:13] [worker #3] Bootstrap tree #112, logLikelihood: -611113.340743
[190:08:04] [worker #0] Bootstrap tree #109, logLikelihood: -571137.970088
[191:12:02] [worker #2] Bootstrap tree #115, logLikelihood: -555400.521113
[194:09:51] [worker #1] Bootstrap tree #114, logLikelihood: -575440.526489
[195:21:13] [worker #0] Bootstrap tree #113, logLikelihood: -587368.841356
[196:50:32] [worker #3] Bootstrap tree #116, logLikelihood: -583802.863191
[196:52:33] [worker #2] Bootstrap tree #119, logLikelihood: -567264.840946
[201:06:27] [worker #1] Bootstrap tree #118, logLikelihood: -563716.760350
[201:16:59] [worker #3] Bootstrap tree #120, logLikelihood: -584729.944427
[202:16:18] [worker #2] Bootstrap tree #123, logLikelihood: -591205.451501
[202:29:16] [worker #0] Bootstrap tree #117, logLikelihood: -565093.533693
[207:02:46] [worker #2] Bootstrap tree #127, logLikelihood: -566173.093598
[208:16:41] [worker #3] Bootstrap tree #124, logLikelihood: -559673.210073
[208:22:10] [worker #1] Bootstrap tree #122, logLikelihood: -563194.078260
[210:13:12] [worker #0] Bootstrap tree #121, logLikelihood: -573941.116234
[212:26:18] [worker #2] Bootstrap tree #131, logLikelihood: -572621.357839
[214:39:13] [worker #1] Bootstrap tree #126, logLikelihood: -593895.968767
[215:36:27] [worker #3] Bootstrap tree #128, logLikelihood: -574394.407125
[215:39:43] [worker #0] Bootstrap tree #125, logLikelihood: -545957.741635
[219:42:19] [worker #0] Bootstrap tree #129, logLikelihood: -555767.795844
[221:57:55] [worker #1] Bootstrap tree #130, logLikelihood: -566652.618115
[222:07:22] [worker #3] Bootstrap tree #132, logLikelihood: -558031.778456
[222:45:19] [worker #2] Bootstrap tree #135, logLikelihood: -597506.873623
[226:13:25] [worker #2] Bootstrap tree #139, logLikelihood: -574436.512895
[226:19:27] [worker #0] Bootstrap tree #133, logLikelihood: -588404.708822
[227:42:06] [worker #1] Bootstrap tree #134, logLikelihood: -579428.371024
[229:54:04] [worker #3] Bootstrap tree #136, logLikelihood: -563075.365403
[232:19:32] [worker #2] Bootstrap tree #143, logLikelihood: -574325.930525
[232:57:19] [worker #0] Bootstrap tree #137, logLikelihood: -564160.400383
[234:03:29] [worker #1] Bootstrap tree #138, logLikelihood: -590960.153421
[235:28:18] [worker #3] Bootstrap tree #140, logLikelihood: -576984.778355
[237:46:50] [worker #0] Bootstrap tree #141, logLikelihood: -593743.162920
[238:18:01] [worker #1] Bootstrap tree #142, logLikelihood: -582442.854175
[241:13:18] [worker #2] Bootstrap tree #147, logLikelihood: -573024.411355
[242:49:08] [worker #3] Bootstrap tree #144, logLikelihood: -537496.509827
[242:55:31] [worker #1] Bootstrap tree #146, logLikelihood: -540920.786749
[243:42:17] [worker #0] Bootstrap tree #145, logLikelihood: -554931.083485
[248:40:21] [worker #3] Bootstrap tree #148, logLikelihood: -589814.053298
[249:41:27] [worker #1] Bootstrap tree #150, logLikelihood: -594627.962744
[252:38:17] [worker #0] Bootstrap tree #149, logLikelihood: -566060.382394
[257:54:35] [worker #1] Bootstrap tree #154, logLikelihood: -551252.939646
[258:46:32] [worker #3] Bootstrap tree #152, logLikelihood: -563852.896974
[258:50:01] [worker #0] Bootstrap tree #153, logLikelihood: -601515.659057
[259:46:05] [worker #2] Bootstrap tree #151, logLikelihood: -561204.003532
[263:55:12] [worker #0] Bootstrap tree #157, logLikelihood: -564762.434390
[264:22:54] [worker #1] Bootstrap tree #158, logLikelihood: -558350.725686
[265:58:20] [worker #2] Bootstrap tree #155, logLikelihood: -605385.710894
[266:23:22] [worker #3] Bootstrap tree #156, logLikelihood: -584615.465370
[269:11:48] [worker #0] Bootstrap tree #161, logLikelihood: -564562.742373
[270:04:51] [worker #1] Bootstrap tree #162, logLikelihood: -559120.249175
[270:47:47] [worker #3] Bootstrap tree #160, logLikelihood: -575663.128127
[273:33:43] [worker #0] Bootstrap tree #165, logLikelihood: -562755.177071
[274:08:26] [worker #2] Bootstrap tree #159, logLikelihood: -547898.970764
[276:05:13] [worker #1] Bootstrap tree #166, logLikelihood: -580017.157475
[277:27:56] [worker #0] Bootstrap tree #169, logLikelihood: -569958.555729
[277:43:56] [worker #3] Bootstrap tree #164, logLikelihood: -580050.433904
[280:01:33] [worker #2] Bootstrap tree #163, logLikelihood: -574483.515480
[281:17:55] [worker #1] Bootstrap tree #170, logLikelihood: -562426.825632
[282:45:47] [worker #0] Bootstrap tree #173, logLikelihood: -540340.809235
[283:41:02] [worker #3] Bootstrap tree #168, logLikelihood: -556425.311106
[284:57:15] [worker #2] Bootstrap tree #167, logLikelihood: -574765.119549
[285:53:20] [worker #1] Bootstrap tree #174, logLikelihood: -592395.261687
[289:28:35] [worker #2] Bootstrap tree #171, logLikelihood: -583266.817151
[290:50:58] [worker #3] Bootstrap tree #172, logLikelihood: -572878.597063
[292:47:25] [worker #0] Bootstrap tree #177, logLikelihood: -569809.182907
[294:42:39] [worker #2] Bootstrap tree #175, logLikelihood: -576434.437330
[294:43:08] [worker #1] Bootstrap tree #178, logLikelihood: -568659.634436
[295:22:11] [worker #3] Bootstrap tree #176, logLikelihood: -592181.044501
[296:10:16] [worker #0] Bootstrap tree #181, logLikelihood: -550772.247764
[299:57:10] [worker #3] Bootstrap tree #180, logLikelihood: -543017.726372
[301:47:25] [worker #1] Bootstrap tree #182, logLikelihood: -566007.338295
[302:17:27] [worker #0] Bootstrap tree #185, logLikelihood: -551126.449756
[302:54:55] [worker #2] Bootstrap tree #179, logLikelihood: -552779.550862
[305:18:52] [worker #3] Bootstrap tree #184, logLikelihood: -586383.665196
[307:51:56] [worker #2] Bootstrap tree #183, logLikelihood: -541650.624809
[308:51:42] [worker #0] Bootstrap tree #189, logLikelihood: -562415.499514
[310:18:50] [worker #3] Bootstrap tree #188, logLikelihood: -584138.289800
[310:29:12] [worker #1] Bootstrap tree #186, logLikelihood: -570101.346739
[313:28:32] [worker #2] Bootstrap tree #187, logLikelihood: -557598.491326
[313:59:18] [worker #0] Bootstrap tree #193, logLikelihood: -586522.733628
[315:46:28] [worker #1] Bootstrap tree #190, logLikelihood: -592071.069645
[317:31:14] [worker #3] Bootstrap tree #192, logLikelihood: -574825.106593
[318:18:42] [worker #2] Bootstrap tree #191, logLikelihood: -579133.546872
[320:54:08] [worker #0] Bootstrap tree #197, logLikelihood: -549478.274856
[321:51:41] [worker #3] Bootstrap tree #196, logLikelihood: -588804.192456
[322:08:35] [worker #1] Bootstrap tree #194, logLikelihood: -580860.211138
[326:09:30] [worker #1] Bootstrap tree #198, logLikelihood: -567841.371826
[326:24:42] [worker #3] Bootstrap tree #200, logLikelihood: -592079.667640
[326:46:44] [worker #2] Bootstrap tree #195, logLikelihood: -552517.900457
[331:27:35] [worker #2] Bootstrap tree #199, logLikelihood: -583543.771880
[335:50:02] [worker #0] Bootstrap tree #201, logLikelihood: -586552.540468
[335:50:03] [worker #3] Bootstrap tree #204, logLikelihood: -577783.553833
[336:06:21] [worker #2] Bootstrap tree #203, logLikelihood: -562645.259662
[339:16:45] [worker #1] Bootstrap tree #202, logLikelihood: -566027.319758
[340:51:14] [worker #0] Bootstrap tree #205, logLikelihood: -581108.367237
[342:29:24] [worker #1] Bootstrap tree #206, logLikelihood: -592761.797604
[343:17:27] [worker #3] Bootstrap tree #208, logLikelihood: -566128.393051
[345:40:44] [worker #2] Bootstrap tree #207, logLikelihood: -559435.208699
[346:54:41] [worker #0] Bootstrap tree #209, logLikelihood: -603277.800243
[347:26:34] [worker #3] Bootstrap tree #212, logLikelihood: -621465.431769
[348:17:35] [worker #1] Bootstrap tree #210, logLikelihood: -565212.926644
[350:41:42] [worker #2] Bootstrap tree #211, logLikelihood: -600908.558397
[353:04:57] [worker #3] Bootstrap tree #216, logLikelihood: -584829.593133
[353:31:38] [worker #1] Bootstrap tree #214, logLikelihood: -577051.353011
[354:18:02] [worker #0] Bootstrap tree #213, logLikelihood: -570179.278627
[356:18:53] [worker #2] Bootstrap tree #215, logLikelihood: -558860.270273
[359:07:31] [worker #3] Bootstrap tree #220, logLikelihood: -569942.860287
[359:54:18] [worker #1] Bootstrap tree #218, logLikelihood: -583056.454407
[360:14:55] [worker #0] Bootstrap tree #217, logLikelihood: -559608.235304
[361:58:38] [worker #2] Bootstrap tree #219, logLikelihood: -553343.443606
[366:47:39] [worker #3] Bootstrap tree #224, logLikelihood: -560232.112851
[366:54:13] [worker #1] Bootstrap tree #222, logLikelihood: -563503.167775
[367:49:02] [worker #0] Bootstrap tree #221, logLikelihood: -568949.588643
[368:39:50] [worker #2] Bootstrap tree #223, logLikelihood: -563278.039613
[371:03:39] [worker #0] Bootstrap tree #225, logLikelihood: -580716.415066
[372:09:59] [worker #3] Bootstrap tree #228, logLikelihood: -548030.114678
[373:22:27] [worker #1] Bootstrap tree #226, logLikelihood: -565819.422267
[375:34:53] [worker #2] Bootstrap tree #227, logLikelihood: -569937.258853
[376:29:58] [worker #0] Bootstrap tree #229, logLikelihood: -562335.931545
[378:43:01] [worker #1] Bootstrap tree #230, logLikelihood: -574007.123013
[379:57:05] [worker #2] Bootstrap tree #231, logLikelihood: -563610.106360
[380:35:10] [worker #3] Bootstrap tree #232, logLikelihood: -562690.290929
[383:01:50] [worker #1] Bootstrap tree #234, logLikelihood: -597952.724458
[383:21:35] [worker #0] Bootstrap tree #233, logLikelihood: -560432.366081
[385:07:38] [worker #3] Bootstrap tree #236, logLikelihood: -567885.633047
[386:23:53] [worker #2] Bootstrap tree #235, logLikelihood: -552500.237907
[389:24:29] [worker #1] Bootstrap tree #238, logLikelihood: -581005.868091
[390:19:12] [worker #3] Bootstrap tree #240, logLikelihood: -561870.810637
[390:57:02] [worker #2] Bootstrap tree #239, logLikelihood: -575014.227529
[391:00:11] [worker #0] Bootstrap tree #237, logLikelihood: -572543.083722
[393:29:53] [worker #3] Bootstrap tree #244, logLikelihood: -563429.454767
[394:26:55] [worker #1] Bootstrap tree #242, logLikelihood: -553807.825480
[397:24:14] [worker #3] Bootstrap tree #248, logLikelihood: -582044.599963
[398:22:54] [worker #0] Bootstrap tree #241, logLikelihood: -562805.149816
[398:28:54] [worker #2] Bootstrap tree #243, logLikelihood: -592653.782822
[401:10:38] [worker #1] Bootstrap tree #246, logLikelihood: -562654.948410
[401:54:01] [worker #2] Bootstrap tree #247, logLikelihood: -550108.847117
[405:16:24] [worker #0] Bootstrap tree #245, logLikelihood: -574234.510719
[405:36:47] [worker #1] Bootstrap tree #250, logLikelihood: -566361.970681
[409:12:03] [worker #0] Bootstrap tree #249, logLikelihood: -549155.785897
[415:16:49] [worker #1] Bootstrap tree #254, logLikelihood: -567363.589821
[416:22:54] [worker #2] Bootstrap tree #251, logLikelihood: -564632.247623
[417:20:30] [worker #3] Bootstrap tree #252, logLikelihood: -554156.206417
[420:20:58] [worker #0] Bootstrap tree #253, logLikelihood: -577765.514695
[421:33:45] [worker #1] Bootstrap tree #258, logLikelihood: -561384.701908
[423:42:27] [worker #2] Bootstrap tree #255, logLikelihood: -578297.092370
[424:55:00] [worker #3] Bootstrap tree #256, logLikelihood: -568728.551625
[426:54:09] [worker #1] Bootstrap tree #262, logLikelihood: -594429.419435
[427:34:08] [worker #0] Bootstrap tree #257, logLikelihood: -552976.113233
[429:32:11] [worker #2] Bootstrap tree #259, logLikelihood: -561693.867631
[430:26:38] [worker #3] Bootstrap tree #260, logLikelihood: -559900.841924
[433:49:07] [worker #1] Bootstrap tree #266, logLikelihood: -562187.858515
[433:55:15] [worker #0] Bootstrap tree #261, logLikelihood: -592850.544574
[435:49:50] [worker #3] Bootstrap tree #264, logLikelihood: -553136.210545
[435:56:52] [worker #2] Bootstrap tree #263, logLikelihood: -557872.473410
[439:17:01] [worker #0] Bootstrap tree #265, logLikelihood: -586675.054885
[441:09:20] [worker #1] Bootstrap tree #270, logLikelihood: -563836.272311
[442:08:55] [worker #3] Bootstrap tree #268, logLikelihood: -568699.491362
[443:14:52] [worker #2] Bootstrap tree #267, logLikelihood: -568096.646679
[443:49:40] [worker #0] Bootstrap tree #269, logLikelihood: -546063.526763
[445:16:27] [worker #1] Bootstrap tree #274, logLikelihood: -567161.641003
[447:32:00] [worker #3] Bootstrap tree #272, logLikelihood: -580157.725183
[448:56:05] [worker #0] Bootstrap tree #273, logLikelihood: -568751.875695
[450:38:13] [worker #2] Bootstrap tree #271, logLikelihood: -568068.285714
[451:19:30] [worker #3] Bootstrap tree #276, logLikelihood: -597956.438288
[452:26:15] [worker #1] Bootstrap tree #278, logLikelihood: -565492.601541
[453:50:36] [worker #0] Bootstrap tree #277, logLikelihood: -564916.969416
[455:20:41] [worker #2] Bootstrap tree #275, logLikelihood: -564553.789684
[457:19:29] [worker #3] Bootstrap tree #280, logLikelihood: -551607.403542
[457:27:37] [worker #1] Bootstrap tree #282, logLikelihood: -552128.757070
[460:51:05] [worker #0] Bootstrap tree #281, logLikelihood: -585332.232859
[461:32:46] [worker #1] Bootstrap tree #286, logLikelihood: -582165.931968
[461:45:30] [worker #3] Bootstrap tree #284, logLikelihood: -569148.863864
[463:51:40] [worker #2] Bootstrap tree #279, logLikelihood: -572818.419785
[466:39:12] [worker #3] Bootstrap tree #288, logLikelihood: -579619.637031
[467:12:04] [worker #0] Bootstrap tree #285, logLikelihood: -556474.467208
[468:24:20] [worker #1] Bootstrap tree #290, logLikelihood: -583671.071112
[469:29:58] [worker #2] Bootstrap tree #283, logLikelihood: -564300.737622
[472:19:23] [worker #1] Bootstrap tree #294, logLikelihood: -565749.673163
[472:52:12] [worker #0] Bootstrap tree #289, logLikelihood: -560509.422341
[473:00:22] [worker #3] Bootstrap tree #292, logLikelihood: -546758.418424
[475:41:40] [worker #2] Bootstrap tree #287, logLikelihood: -576437.025247
[477:52:12] [worker #0] Bootstrap tree #293, logLikelihood: -575665.812691
[478:24:52] [worker #1] Bootstrap tree #298, logLikelihood: -585684.376167
[480:48:35] [worker #3] Bootstrap tree #296, logLikelihood: -601734.509157
[481:01:08] [worker #0] Bootstrap tree #297, logLikelihood: -585365.998339
[482:04:59] [worker #2] Bootstrap tree #291, logLikelihood: -565064.086409
[486:59:29] [worker #3] Bootstrap tree #300, logLikelihood: -575539.863025
[489:46:05] [worker #2] Bootstrap tree #295, logLikelihood: -583346.292699
[495:08:43] [worker #2] Bootstrap tree #299, logLikelihood: -548255.122680
[498:48:38] [worker #1] Bootstrap tree #302, logLikelihood: -582468.525139
[499:15:29] [worker #0] Bootstrap tree #301, logLikelihood: -587271.664524
[502:33:48] [worker #0] Bootstrap tree #305, logLikelihood: -582641.196947
[502:40:44] [worker #3] Bootstrap tree #304, logLikelihood: -593316.773113
[503:01:14] [worker #1] Bootstrap tree #306, logLikelihood: -588894.846292
[503:13:55] [worker #2] Bootstrap tree #303, logLikelihood: -576955.451843
[506:52:29] [worker #0] Bootstrap tree #309, logLikelihood: -590157.978637
[507:09:58] [worker #1] Bootstrap tree #310, logLikelihood: -571620.110860
[507:56:29] [worker #3] Bootstrap tree #308, logLikelihood: -562341.311389
[509:39:58] [worker #2] Bootstrap tree #307, logLikelihood: -563333.509006
[510:38:57] [worker #0] Bootstrap tree #313, logLikelihood: -576618.560300
[512:39:37] [worker #3] Bootstrap tree #312, logLikelihood: -573116.680749
[513:19:23] [worker #1] Bootstrap tree #314, logLikelihood: -578950.006004
[514:49:42] [worker #2] Bootstrap tree #311, logLikelihood: -566595.899420
[517:47:34] [worker #0] Bootstrap tree #317, logLikelihood: -573277.372265
[519:58:13] [worker #2] Bootstrap tree #315, logLikelihood: -596486.015996
[521:03:25] [worker #1] Bootstrap tree #318, logLikelihood: -584622.007573
[522:42:50] [worker #3] Bootstrap tree #316, logLikelihood: -571579.106571
[525:06:04] [worker #1] Bootstrap tree #322, logLikelihood: -566344.707918
[525:29:28] [worker #2] Bootstrap tree #319, logLikelihood: -563775.508414
[526:26:30] [worker #0] Bootstrap tree #321, logLikelihood: -595694.315828
[529:56:22] [worker #1] Bootstrap tree #326, logLikelihood: -578695.668339
[530:59:40] [worker #0] Bootstrap tree #325, logLikelihood: -586024.455377
[532:28:46] [worker #3] Bootstrap tree #320, logLikelihood: -557984.577573
[533:43:28] [worker #2] Bootstrap tree #323, logLikelihood: -588378.658229
[536:28:25] [worker #0] Bootstrap tree #329, logLikelihood: -538786.652990
[536:52:02] [worker #1] Bootstrap tree #330, logLikelihood: -570633.374425
[538:39:14] [worker #3] Bootstrap tree #324, logLikelihood: -593978.409371
[541:22:25] [worker #2] Bootstrap tree #327, logLikelihood: -574395.702312
[543:50:49] [worker #1] Bootstrap tree #334, logLikelihood: -572476.807295
[544:20:27] [worker #3] Bootstrap tree #328, logLikelihood: -570661.190593
[544:24:30] [worker #0] Bootstrap tree #333, logLikelihood: -571234.890768
[546:06:44] [worker #2] Bootstrap tree #331, logLikelihood: -547152.046710
[551:50:13] [worker #2] Bootstrap tree #335, logLikelihood: -571614.139048
[552:12:07] [worker #0] Bootstrap tree #337, logLikelihood: -566640.727897
[552:29:50] [worker #1] Bootstrap tree #338, logLikelihood: -565033.647529
[554:28:27] [worker #3] Bootstrap tree #332, logLikelihood: -565359.914158
[557:57:33] [worker #1] Bootstrap tree #342, logLikelihood: -609621.686913
[558:07:46] [worker #2] Bootstrap tree #339, logLikelihood: -575603.838410
[560:53:14] [worker #0] Bootstrap tree #341, logLikelihood: -587987.582820
[561:40:31] [worker #3] Bootstrap tree #336, logLikelihood: -547458.029196
[563:12:54] [worker #1] Bootstrap tree #346, logLikelihood: -577318.893263
[564:57:50] [worker #0] Bootstrap tree #345, logLikelihood: -585893.086798
[566:18:59] [worker #3] Bootstrap tree #340, logLikelihood: -562146.865458
[567:34:29] [worker #2] Bootstrap tree #343, logLikelihood: -556215.332105
[569:06:36] [worker #1] Bootstrap tree #350, logLikelihood: -568531.923795
[572:03:48] [worker #0] Bootstrap tree #349, logLikelihood: -588069.669045
[572:06:25] [worker #3] Bootstrap tree #344, logLikelihood: -591462.166375
[572:37:02] [worker #2] Bootstrap tree #347, logLikelihood: -586222.014341
[577:14:03] [worker #3] Bootstrap tree #348, logLikelihood: -598674.741858
