
RAxML-NG v. 1.0.1-master released on 28.10.2020 by The Exelixis Lab.
Developed by: Alexey M. Kozlov and Alexandros Stamatakis.
Contributors: Diego Darriba, Tomas Flouri, Benoit Morel, Sarah Lutteropp, Ben Bettisworth.
Latest version: https://github.com/amkozlov/raxml-ng
Questions/problems/suggestions? Please visit: https://groups.google.com/forum/#!forum/raxml

System: Intel(R) Xeon(R) CPU E5-2660 v3 @ 2.60GHz, 10 cores, 125 GB RAM

RAxML-NG was called at 22-Dec-2020 11:06:03 as follows:

/home1/haris/programs/raxml-ng/raxml-ng/bin/raxml-ng-mpi --search1 --msa all_consensus_aligned3__removed.fasta.raxml.reduced.phy --model GTR+G --seed 2 --prefix fast_Tree

Analysis options:
  run mode: ML tree search
  start tree(s): random (1)
  random seed: 2
  tip-inner: OFF
  pattern compression: ON
  per-rate scalers: OFF
  site repeats: ON
  fast spr radius: AUTO
  spr subtree cutoff: 1.000000
  branch lengths: proportional (ML estimate, algorithm: NR-FAST)
  SIMD kernels: AVX2
  parallelization: coarse-grained (auto), PTHREADS (auto)

[00:00:00] Reading alignment from file: all_consensus_aligned3__removed.fasta.raxml.reduced.phy
[00:00:00] Loaded alignment with 1218 taxa and 8424 sites

Alignment comprises 1 partitions and 6295 patterns

Partition 0: noname
Model: GTR+FO+G4m
Alignment sites / patterns: 8424 / 6295
Gaps: 90.24 %
Invariant sites: 26.31 %


NOTE: Binary MSA file created: fast_Tree.raxml.rba

Parallelization scheme autoconfig: 1 worker(s) x 10 thread(s)

Parallel reduction/worker buffer size: 1 KB  / 0 KB

[00:00:01] Generating 1 random starting tree(s) with 1218 taxa
[00:00:01] Data distribution: max. partitions/sites/weight per thread: 1 / 630 / 10080
[00:00:01] Data distribution: max. searches per worker: 1

Starting ML tree search with 1 distinct starting trees

[00:00:01 -926515.264929] Initial branch length optimization
[00:00:03 -797061.247125] Model parameter optimization (eps = 10.000000)
[00:01:00 -765677.995703] AUTODETECT spr round 1 (radius: 5)
[00:01:55 -693675.361408] AUTODETECT spr round 2 (radius: 10)
[00:03:03 -640601.021797] AUTODETECT spr round 3 (radius: 15)
[00:04:26 -616831.538653] AUTODETECT spr round 4 (radius: 20)
[00:05:58 -608160.533596] AUTODETECT spr round 5 (radius: 25)
[00:07:50 -602227.786463] SPR radius for FAST iterations: 25 (autodetect)
[00:07:50 -602227.786463] Model parameter optimization (eps = 3.000000)
[00:08:28 -597806.756294] FAST spr round 1 (radius: 25)
[00:12:03 -580845.384841] FAST spr round 2 (radius: 25)
[00:14:30 -579274.386872] FAST spr round 3 (radius: 25)
[00:16:21 -578234.095665] FAST spr round 4 (radius: 25)
[00:17:51 -577060.710148] FAST spr round 5 (radius: 25)
[00:19:11 -576826.296408] FAST spr round 6 (radius: 25)
[00:20:18 -576738.732623] FAST spr round 7 (radius: 25)
[00:21:18 -576732.448815] FAST spr round 8 (radius: 25)
[00:22:13 -576731.469884] FAST spr round 9 (radius: 25)
[00:23:07 -576728.083521] FAST spr round 10 (radius: 25)
[00:24:00 -576726.100289] FAST spr round 11 (radius: 25)
[00:24:53 -576725.741125] FAST spr round 12 (radius: 25)
[00:25:47 -576725.654859] Model parameter optimization (eps = 1.000000)
[00:26:03 -576525.802360] SLOW spr round 1 (radius: 5)
[00:27:37 -576345.351491] SLOW spr round 2 (radius: 5)
[00:29:05 -576318.360436] SLOW spr round 3 (radius: 5)
[00:30:35 -576298.463408] SLOW spr round 4 (radius: 5)
[00:32:04 -576287.849770] SLOW spr round 5 (radius: 5)
[00:33:29 -576286.326670] SLOW spr round 6 (radius: 5)
[00:34:54 -576285.895396] SLOW spr round 7 (radius: 5)
[00:36:19 -576285.872483] SLOW spr round 8 (radius: 10)
[00:37:52 -576259.353531] SLOW spr round 9 (radius: 5)
[00:39:50 -576235.728088] SLOW spr round 10 (radius: 5)
[00:41:32 -576233.600423] SLOW spr round 11 (radius: 5)
[00:43:05 -576231.379954] SLOW spr round 12 (radius: 5)
[00:44:32 -576231.379209] SLOW spr round 13 (radius: 10)
[00:46:05 -576219.453516] SLOW spr round 14 (radius: 5)
[00:48:04 -576209.744831] SLOW spr round 15 (radius: 5)
[00:49:45 -576208.615460] SLOW spr round 16 (radius: 5)
[00:51:16 -576208.614666] SLOW spr round 17 (radius: 10)
[00:52:49 -576199.244966] SLOW spr round 18 (radius: 5)
[00:54:44 -576192.718532] SLOW spr round 19 (radius: 5)
[00:56:23 -576191.770695] SLOW spr round 20 (radius: 5)
[00:57:55 -576191.770376] SLOW spr round 21 (radius: 10)
[00:59:26 -576190.734205] SLOW spr round 22 (radius: 5)
[01:01:21 -576190.303578] SLOW spr round 23 (radius: 5)
[01:03:00 -576190.302772] SLOW spr round 24 (radius: 10)
[01:04:37 -576189.315549] SLOW spr round 25 (radius: 5)
[01:06:30 -576189.272195] SLOW spr round 26 (radius: 10)
[01:08:18 -576189.103304] SLOW spr round 27 (radius: 5)
[01:10:10 -576189.100317] SLOW spr round 28 (radius: 10)
[01:11:56 -576189.099952] SLOW spr round 29 (radius: 15)
[01:14:47 -576154.971979] SLOW spr round 30 (radius: 5)
[01:16:51 -576127.845937] SLOW spr round 31 (radius: 5)
[01:18:34 -576126.473530] SLOW spr round 32 (radius: 5)
[01:20:07 -576126.471983] SLOW spr round 33 (radius: 10)
[01:21:40 -576119.139661] SLOW spr round 34 (radius: 5)
[01:23:35 -576117.948154] SLOW spr round 35 (radius: 5)
[01:25:14 -576117.947979] SLOW spr round 36 (radius: 10)
[01:26:49 -576117.570046] SLOW spr round 37 (radius: 5)
[01:28:44 -576115.321672] SLOW spr round 38 (radius: 5)
[01:30:23 -576115.321487] SLOW spr round 39 (radius: 10)
[01:31:58 -576115.321445] SLOW spr round 40 (radius: 15)
[01:34:52 -576115.321423] SLOW spr round 41 (radius: 20)
[01:38:54 -576104.703789] SLOW spr round 42 (radius: 5)
[01:40:56 -576102.167489] SLOW spr round 43 (radius: 5)
[01:42:41 -576099.084550] SLOW spr round 44 (radius: 5)
[01:44:15 -576099.084073] SLOW spr round 45 (radius: 10)
[01:45:47 -576099.083955] SLOW spr round 46 (radius: 15)
[01:48:44 -576099.083889] SLOW spr round 47 (radius: 20)
[01:52:43 -576098.773646] SLOW spr round 48 (radius: 5)
[01:54:45 -576094.891102] SLOW spr round 49 (radius: 5)
[01:56:30 -576091.723822] SLOW spr round 50 (radius: 5)
[01:58:05 -576085.215619] SLOW spr round 51 (radius: 5)
[01:59:35 -576083.044804] SLOW spr round 52 (radius: 5)
[02:01:00 -576082.943257] SLOW spr round 53 (radius: 5)
[02:02:24 -576082.942220] SLOW spr round 54 (radius: 10)
[02:03:52 -576082.288242] SLOW spr round 55 (radius: 5)
[02:05:47 -576081.018069] SLOW spr round 56 (radius: 5)
[02:07:26 -576081.017213] SLOW spr round 57 (radius: 10)
[02:09:02 -576080.677353] SLOW spr round 58 (radius: 5)
[02:10:55 -576079.637104] SLOW spr round 59 (radius: 5)
[02:12:33 -576079.636668] SLOW spr round 60 (radius: 10)
[02:14:08 -576079.636550] SLOW spr round 61 (radius: 15)
[02:17:01 -576079.636508] SLOW spr round 62 (radius: 20)
[02:20:59 -576079.636488] SLOW spr round 63 (radius: 25)
[02:26:15 -575891.975779] SLOW spr round 64 (radius: 5)
[02:28:23 -575607.450033] SLOW spr round 65 (radius: 5)
[02:30:13 -575573.692498] SLOW spr round 66 (radius: 5)
[02:31:49 -575568.643918] SLOW spr round 67 (radius: 5)
[02:33:18 -575564.257012] SLOW spr round 68 (radius: 5)
[02:34:42 -575564.254529] SLOW spr round 69 (radius: 10)
[02:36:11 -575559.382345] SLOW spr round 70 (radius: 5)
[02:38:05 -575559.375625] SLOW spr round 71 (radius: 10)
[02:39:55 -575538.690561] SLOW spr round 72 (radius: 5)
[02:41:47 -575532.226906] SLOW spr round 73 (radius: 5)
[02:43:24 -575532.225791] SLOW spr round 74 (radius: 10)
[02:44:58 -575532.225505] SLOW spr round 75 (radius: 15)
[02:47:54 -575506.620206] SLOW spr round 76 (radius: 5)
[02:49:55 -575490.588371] SLOW spr round 77 (radius: 5)
[02:51:38 -575487.492452] SLOW spr round 78 (radius: 5)
[02:53:10 -575487.491331] SLOW spr round 79 (radius: 10)
[02:54:40 -575487.491130] SLOW spr round 80 (radius: 15)
[02:57:38 -575487.426359] SLOW spr round 81 (radius: 20)
[03:01:35 -575480.919298] SLOW spr round 82 (radius: 5)
[03:03:37 -575479.684763] SLOW spr round 83 (radius: 5)
[03:05:22 -575470.820819] SLOW spr round 84 (radius: 5)
[03:06:56 -575459.389112] SLOW spr round 85 (radius: 5)
[03:08:25 -575430.051500] SLOW spr round 86 (radius: 5)
[03:09:50 -575430.051070] SLOW spr round 87 (radius: 10)
[03:11:18 -575428.705873] SLOW spr round 88 (radius: 5)
[03:13:12 -575428.705185] SLOW spr round 89 (radius: 10)
[03:15:00 -575428.705114] SLOW spr round 90 (radius: 15)
[03:17:47 -575427.827090] SLOW spr round 91 (radius: 5)
[03:19:47 -575423.825156] SLOW spr round 92 (radius: 5)
[03:21:31 -575420.854636] SLOW spr round 93 (radius: 5)
[03:23:03 -575420.854345] SLOW spr round 94 (radius: 10)
[03:24:33 -575420.854213] SLOW spr round 95 (radius: 15)
[03:27:31 -575420.854104] SLOW spr round 96 (radius: 20)
[03:31:27 -575420.509396] SLOW spr round 97 (radius: 5)
[03:33:28 -575420.357016] SLOW spr round 98 (radius: 5)
[03:35:12 -575420.355392] SLOW spr round 99 (radius: 10)
[03:36:50 -575420.354858] SLOW spr round 100 (radius: 15)
[03:39:41 -575420.354654] SLOW spr round 101 (radius: 20)
[03:43:41 -575420.354552] SLOW spr round 102 (radius: 25)
[03:48:54 -575344.852722] SLOW spr round 103 (radius: 5)
[03:51:02 -575182.198664] SLOW spr round 104 (radius: 5)
[03:52:53 -575155.358077] SLOW spr round 105 (radius: 5)
[03:54:29 -575146.051599] SLOW spr round 106 (radius: 5)
[03:56:00 -575109.954438] SLOW spr round 107 (radius: 5)
[03:57:26 -575084.005957] SLOW spr round 108 (radius: 5)
[03:58:50 -575083.104248] SLOW spr round 109 (radius: 5)
[04:00:12 -575083.102363] SLOW spr round 110 (radius: 10)
[04:01:41 -575079.824255] SLOW spr round 111 (radius: 5)
[04:03:35 -575079.672707] SLOW spr round 112 (radius: 5)
[04:05:14 -575079.669862] SLOW spr round 113 (radius: 10)
[04:06:49 -575079.668562] SLOW spr round 114 (radius: 15)
[04:09:41 -575075.842068] SLOW spr round 115 (radius: 5)
[04:11:39 -575075.768153] SLOW spr round 116 (radius: 10)
[04:13:33 -575075.726852] SLOW spr round 117 (radius: 15)
[04:16:17 -575075.725546] SLOW spr round 118 (radius: 20)
[04:20:18 -575065.715489] SLOW spr round 119 (radius: 5)
[04:22:21 -575062.570985] SLOW spr round 120 (radius: 5)
[04:24:05 -575062.568605] SLOW spr round 121 (radius: 10)
[04:25:43 -575062.567666] SLOW spr round 122 (radius: 15)
[04:28:33 -575062.517290] SLOW spr round 123 (radius: 20)
[04:32:32 -575062.505866] SLOW spr round 124 (radius: 25)
[04:37:41 -575061.809544] SLOW spr round 125 (radius: 5)
[04:39:44 -575061.116348] SLOW spr round 126 (radius: 5)
[04:41:30 -575061.115386] SLOW spr round 127 (radius: 10)
[04:43:08 -575061.114849] SLOW spr round 128 (radius: 15)
[04:45:58 -575061.114534] SLOW spr round 129 (radius: 20)
[04:49:59 -575060.026928] SLOW spr round 130 (radius: 5)
[04:52:00 -575059.997046] SLOW spr round 131 (radius: 10)
[04:54:00 -575059.996278] SLOW spr round 132 (radius: 15)
[04:56:43 -575059.995512] SLOW spr round 133 (radius: 20)
[05:00:46 -575059.994742] SLOW spr round 134 (radius: 25)
[05:05:53 -575059.993970] Model parameter optimization (eps = 0.100000)

[05:06:03] ML tree search #1, logLikelihood: -575056.356106


Optimized model parameters:

   Partition 0: noname
   Rate heterogeneity: GAMMA (4 cats, mean),  alpha: 1.211273 (ML),  weights&rates: (0.250000,0.177090) (0.250000,0.532193) (0.250000,1.027766) (0.250000,2.262951) 
   Base frequencies (ML): 0.291571 0.175928 0.190201 0.342300 
   Substitution rates (ML): 1.528581 2.817155 2.248066 2.038369 4.258296 1.000000 


Final LogLikelihood: -575056.356106

AIC score: 1154996.712213 / AICc score: 1156991.631457 / BIC score: 1172185.559624
Free parameters (model + branch lengths): 2442

WARNING: Best ML tree contains 9 near-zero branches!

Best ML tree with collapsed near-zero branches saved to: /home1/haris/Desktop/dark_matter/build_tree_of_life/alternative_built/fast_Tree.raxml.bestTreeCollapsed
Best ML tree saved to: /home1/haris/Desktop/dark_matter/build_tree_of_life/alternative_built/fast_Tree.raxml.bestTree
Optimized model saved to: /home1/haris/Desktop/dark_matter/build_tree_of_life/alternative_built/fast_Tree.raxml.bestModel

Execution log saved to: /home1/haris/Desktop/dark_matter/build_tree_of_life/alternative_built/fast_Tree.raxml.log

Analysis started: 22-Dec-2020 11:06:03 / finished: 22-Dec-2020 16:12:06

Elapsed time: 18363.584 seconds

Consumed energy: 786.864 Wh (= 4 km in an electric car, or 20 km with an e-scooter!)

