
RAxML-NG v. 0.5.1b BETA released on 01.12.2017 by The Exelixis Lab.
Authors: Alexey Kozlov, Alexandros Stamatakis, Diego Darriba, Tomas Flouri, Benoit Morel.
Latest version: https://github.com/amkozlov/raxml-ng
Questions/problems/suggestions? Please visit: https://groups.google.com/forum/#!forum/raxml

WARNING: This is a BETA release, please use at your own risk!

RAxML-NG was called as follows:

/home1/haris/metabar_pipeline/PEMA/tools/raxml-ng/raxml-ng/bin/raxml-ng --all --msa-format FASTA --msa all_consensus_aligned3__removed.fasta --tree pars{10} --bs-trees 5 --model GTR+FO+G4m --threads 3

Analysis options:
  run mode: ML tree search + bootstrapping
  start tree(s): parsimony (10)
  random seed: 1608387294
  tip-inner: ON
  pattern compression: ON
  per-rate scalers: OFF
  site repeats: OFF
  branch lengths: ML estimate (linked)
  SIMD kernels: AVX2
  parallelization: PTHREADS (3 threads)

[00:00:00] Reading alignment from file: all_consensus_aligned3__removed.fasta
[00:00:00] Loaded alignment with 1218 taxa and 8424 sites

Alignment comprises 1 partitions and 6295 patterns

Partition 0: noname
Model: GTR+FO+G4m
Alignment sites / patterns: 8424 / 6295
Gaps: 90.24 %
Invariant sites: 26.31 %


[00:00:00] Generating parsimony starting tree(s) with 1218 taxa
[00:01:47] Data distribution: partitions/thread: 1-1, patterns/thread: 2098-2099

Starting ML tree search with 10 distinct starting trees

[12:26:11] ML tree search #1, logLikelihood: -572535.995221
[22:14:09] ML tree search #2, logLikelihood: -572612.124669
[28:55:03] ML tree search #3, logLikelihood: -572589.376764
[37:50:14] ML tree search #4, logLikelihood: -572582.902473
[48:51:47] ML tree search #5, logLikelihood: -572655.448915
[60:53:11] ML tree search #6, logLikelihood: -573724.629575
[69:46:57] ML tree search #7, logLikelihood: -572622.043671
[80:20:33] ML tree search #8, logLikelihood: -572715.638508
[89:27:39] ML tree search #9, logLikelihood: -572467.024449
[95:52:55] ML tree search #10, logLikelihood: -573195.736665

[95:52:55] ML tree search completed, best tree logLH: -572467.024449

[95:52:55] Starting bootstrapping analysis with 5 replicates.

[108:00:31] Bootstrap tree #1, logLikelihood: -586317.944210
[121:13:26] Bootstrap tree #2, logLikelihood: -577030.340795
[130:05:09] Bootstrap tree #3, logLikelihood: -607278.938599
[145:19:50] Bootstrap tree #4, logLikelihood: -557914.049715
[152:41:59] Bootstrap tree #5, logLikelihood: -575257.604471

Optimized model parameters:

   Partition 0: noname
   Rate heterogeneity: GAMMA (4 cats, mean),  alpha: 1.174842 (ML),  weights&rates: (0.250000,0.170464) (0.250000,0.523661) (0.250000,1.023852) (0.250000,2.282023) 
   Base frequencies (ML): 0.287768 0.182692 0.198629 0.330912 
   Substitution rates (ML): 1.320021 2.753766 2.207746 1.981706 4.067700 1.000000 

Final LogLikelihood: -572467.024449

All ML trees saved to: /home1/haris/Desktop/dark_matter/build_tree_of_life/all_consensus_aligned3__removed.fasta.raxml.mlTrees
Best ML tree saved to: /home1/haris/Desktop/dark_matter/build_tree_of_life/all_consensus_aligned3__removed.fasta.raxml.bestTree
Best ML tree with bootstrap support values saved to: /home1/haris/Desktop/dark_matter/build_tree_of_life/all_consensus_aligned3__removed.fasta.raxml.support
Optimized model saved to: /home1/haris/Desktop/dark_matter/build_tree_of_life/all_consensus_aligned3__removed.fasta.raxml.bestModel
Bootstrap trees saved to: /home1/haris/Desktop/dark_matter/build_tree_of_life/all_consensus_aligned3__removed.fasta.raxml.bootstraps

Execution log saved to: /home1/haris/Desktop/dark_matter/build_tree_of_life/all_consensus_aligned3__removed.fasta.raxml.log

Analysis started: 19-Dec-2020 16:14:54 / finished: 26-Dec-2020 00:56:54

Elapsed time: 549720.018 seconds

